actionid: py36
msg: envreport
cmdargs: '/home/mfentler/sew5-todo-list-mfentler-tgm/flask/.tox/py36/bin/python -m pip freeze'

aniso8601==6.0.0
antiorm==1.2.1
app==0.0.1
atomicwrites==1.3.0
attrs==19.1.0
certifi==2019.3.9
chardet==3.0.4
Click==7.0
coverage==4.5.3
db==0.1.1
decorator==4.4.0
EasyProcess==0.2.5
Flask==1.0.2
Flask-BasicAuth==0.2.0
Flask-Cors==3.0.7
Flask-HTTPAuth==3.2.4
flask-marshmallow==0.10.0
Flask-RESTful==0.3.7
Flask-SQLAlchemy==2.3.2
gevent==1.4.0
greenlet==0.4.15
idna==2.8
itsdangerous==1.1.0
Jinja2==2.10
MarkupSafe==1.1.1
marshmallow==2.19.1
more-itertools==6.0.0
pluggy==0.9.0
py==1.8.0
pytest==4.3.1
pytest-cov==2.6.1
pytest-flask==0.14.0
pytest-flask-sqlalchemy==1.0.1
pytest-html==1.20.0
pytest-metadata==1.8.0
pytest-mock==1.10.2
pytest-xvfb==1.2.0
pytz==2018.9
PyVirtualDisplay==0.2.1
requests==2.21.0
restful-userservice==0.0.1
six==1.12.0
SQLAlchemy==1.3.1
tinydb==3.13.0
urllib3==1.24.1
validators==0.12.4
Werkzeug==0.15.1
