actionid: tox
msg: packaging
cmdargs: '/home/mfentler/sew5-todo-list-mfentler-tgm/flask/venv/bin/python /home/mfentler/sew5-todo-list-mfentler-tgm/flask/setup.py sdist --formats=zip --dist-dir /home/mfentler/sew5-todo-list-mfentler-tgm/flask/.tox/dist'

/usr/lib/python3.6/distutils/dist.py:261: UserWarning: Unknown distribution option: 'long_description_content_type'
  warnings.warn(msg)
running sdist
running egg_info
writing restful_userservice.egg-info/PKG-INFO
writing dependency_links to restful_userservice.egg-info/dependency_links.txt
writing top-level names to restful_userservice.egg-info/top_level.txt
reading manifest file 'restful_userservice.egg-info/SOURCES.txt'
writing manifest file 'restful_userservice.egg-info/SOURCES.txt'
warning: sdist: standard file not found: should have one of README, README.rst, README.txt, README.md

running check
warning: check: missing required meta-data: url

creating restful_userservice-0.0.1
creating restful_userservice-0.0.1/restful_userservice.egg-info
creating restful_userservice-0.0.1/src
creating restful_userservice-0.0.1/src/main
creating restful_userservice-0.0.1/src/main/python
creating restful_userservice-0.0.1/src/main/python/server
creating restful_userservice-0.0.1/src/test
copying files to restful_userservice-0.0.1...
copying setup.py -> restful_userservice-0.0.1
copying restful_userservice.egg-info/PKG-INFO -> restful_userservice-0.0.1/restful_userservice.egg-info
copying restful_userservice.egg-info/SOURCES.txt -> restful_userservice-0.0.1/restful_userservice.egg-info
copying restful_userservice.egg-info/dependency_links.txt -> restful_userservice-0.0.1/restful_userservice.egg-info
copying restful_userservice.egg-info/top_level.txt -> restful_userservice-0.0.1/restful_userservice.egg-info
copying src/__init__.py -> restful_userservice-0.0.1/src
copying src/main/__init__.py -> restful_userservice-0.0.1/src/main
copying src/main/python/__init__.py -> restful_userservice-0.0.1/src/main/python
copying src/main/python/server/__init__.py -> restful_userservice-0.0.1/src/main/python/server
copying src/main/python/server/server.py -> restful_userservice-0.0.1/src/main/python/server
copying src/test/__init__.py -> restful_userservice-0.0.1/src/test
copying src/test/test_crud.py -> restful_userservice-0.0.1/src/test
Writing restful_userservice-0.0.1/setup.cfg
creating '.tox/dist/restful_userservice-0.0.1.zip' and adding 'restful_userservice-0.0.1' to it
adding 'restful_userservice-0.0.1/setup.py'
adding 'restful_userservice-0.0.1/setup.cfg'
adding 'restful_userservice-0.0.1/PKG-INFO'
adding 'restful_userservice-0.0.1/restful_userservice.egg-info/top_level.txt'
adding 'restful_userservice-0.0.1/restful_userservice.egg-info/dependency_links.txt'
adding 'restful_userservice-0.0.1/restful_userservice.egg-info/SOURCES.txt'
adding 'restful_userservice-0.0.1/restful_userservice.egg-info/PKG-INFO'
adding 'restful_userservice-0.0.1/src/__init__.py'
adding 'restful_userservice-0.0.1/src/test/test_crud.py'
adding 'restful_userservice-0.0.1/src/test/__init__.py'
adding 'restful_userservice-0.0.1/src/main/__init__.py'
adding 'restful_userservice-0.0.1/src/main/python/__init__.py'
adding 'restful_userservice-0.0.1/src/main/python/server/server.py'
adding 'restful_userservice-0.0.1/src/main/python/server/__init__.py'
removing 'restful_userservice-0.0.1' (and everything under it)
